\BOOKMARK [1][-]{section.1}{\376\377\000T\000O\000D\000O\000\040\000T\000U\000T\000O\000R\000I\000A\000L}{}% 1
\BOOKMARK [1][-]{section.2}{\376\377\004\035\004\065\004\076\004\077\004\100\004\065\004\064\004\065\004\073\004\121\004\075\004\075\004\113\004\071\000\040\004\070\004\075\004\102\004\065\004\063\004\100\004\060\004\073}{}% 2
\BOOKMARK [2][-]{subsection.2.1}{\376\377\004\036\004\077\004\100\004\065\004\064\004\065\004\073\004\065\004\075\004\070\004\065\000\040\0001}{section.2}% 3
\BOOKMARK [2][-]{subsection.2.2}{\376\377\004\036\004\077\004\100\004\065\004\064\004\065\004\073\004\065\004\075\004\070\004\065\000\040\0002}{section.2}% 4
\BOOKMARK [2][-]{subsection.2.3}{\376\377\004\042\004\065\004\076\004\100\004\065\004\074\004\060\000\040\004\076\000\040\004\101\004\103\004\111\004\065\004\101\004\102\004\062\004\076\004\062\004\060\004\075\004\070\004\070\000\040\004\077\004\065\004\100\004\062\004\076\004\076\004\061\004\100\004\060\004\067\004\075\004\076\004\071}{section.2}% 5
\BOOKMARK [2][-]{subsection.2.4}{\376\377\004\042\004\065\004\076\004\100\004\065\004\074\004\060\000\040\0002}{section.2}% 6
\BOOKMARK [2][-]{subsection.2.5}{\376\377\004\041\004\062\004\076\004\071\004\101\004\102\004\062\004\060\000\040\004\075\004\065\004\076\004\077\004\100\004\065\004\064\004\065\004\073\004\121\004\075\004\075\004\076\004\063\004\076\000\040\004\070\004\075\004\102\004\065\004\063\004\100\004\060\004\073\004\060}{section.2}% 7
\BOOKMARK [1][-]{section.3}{\376\377\004\040\004\060\004\062\004\075\004\076\004\074\004\065\004\100\004\075\004\060\004\117\000\040\004\075\004\065\004\077\004\100\004\065\004\100\004\113\004\062\004\075\004\076\004\101\004\102\004\114}{}% 8
\BOOKMARK [2][-]{subsection.3.1}{\376\377\004\036\004\077\004\100\004\065\004\064\004\065\004\073\004\065\004\075\004\070\004\065}{section.3}% 9
\BOOKMARK [2][-]{subsection.3.2}{\376\377\004\042\004\065\004\076\004\100\004\065\004\074\004\060\000\040\004\032\004\060\004\075\004\102\004\076\004\100\004\060\000\040\004\076\000\040\004\100\004\060\004\062\004\075\004\076\004\074\004\065\004\100\004\075\004\076\004\071\000\040\004\075\004\065\004\077\004\100\004\065\004\100\004\113\004\062\004\075\004\076\004\101\004\102\004\070}{section.3}% 10
\BOOKMARK [1][-]{section.4}{\376\377\004\042\004\065\004\076\004\100\004\065\004\074\004\060\000\040\004\021\004\100\004\060\004\103\004\115\004\100\004\060\000\040\004\076\000\040\004\075\004\065\004\077\004\076\004\064\004\062\004\070\004\066\004\075\004\076\004\071\000\040\004\102\004\076\004\107\004\072\004\065\000\040\000\050\004\021\004\025\004\023\004\030\000\040\004\030\000\040\004\035\004\025\000\040\004\036\004\023\004\033\004\057\004\024\004\053\004\022\004\020\004\031\004\041\004\057\000\051}{}% 11
\BOOKMARK [2][-]{subsubsection.4.0.1}{\376\377\004\030\004\063\004\100\004\060\000\040\004\062\000\040\004\063\004\065\004\072\004\101}{section.4}% 12
\BOOKMARK [2][-]{subsection.4.1}{\376\377\004\042\004\065\004\076\004\100\004\065\004\074\004\060\000\040\004\021\004\100\004\060\004\103\004\115\004\100\004\060}{section.4}% 13
\BOOKMARK [1][-]{section.5}{\376\377\004\036\004\077\004\100\004\065\004\064\004\065\004\073\004\065\004\075\004\075\004\113\004\071\000\040\004\070\004\075\004\102\004\065\004\063\004\100\004\060\004\073}{}% 14
\BOOKMARK [2][-]{subsection.5.1}{\376\377\004\037\004\073\004\076\004\111\004\060\004\064\004\114}{section.5}% 15
\BOOKMARK [3][-]{subsubsection.5.1.1}{\376\377\004\036\004\077\004\100\004\065\004\064\004\065\004\073\004\065\004\075\004\070\004\065\000\040\004\077\004\073\004\076\004\111\004\060\004\064\004\070}{subsection.5.1}% 16
\BOOKMARK [3][-]{subsubsection.5.1.2}{\376\377\004\036\004\077\004\100\004\065\004\064\004\065\004\073\004\065\004\075\004\070\004\065\000\040\004\076\004\101\004\073\004\060\004\061\004\073\004\065\004\075\004\075\004\076\004\071\000\040\004\077\004\073\004\076\004\111\004\060\004\064\004\070}{subsection.5.1}% 17
\BOOKMARK [2][-]{subsection.5.2}{\376\377\004\036\004\077\004\100\004\065\004\064\004\065\004\073\004\121\004\075\004\075\004\113\004\071\000\040\004\070\004\075\004\102\004\065\004\063\004\100\004\060\004\073}{section.5}% 18
\BOOKMARK [3][-]{subsubsection.5.2.1}{\376\377\004\037\004\076\004\073\004\076\004\066\004\070\004\102\004\065\004\073\004\114\004\075\004\060\004\117\000\040\004\070\000\040\004\076\004\102\004\100\004\070\004\106\004\060\004\102\004\065\004\073\004\114\004\075\004\060\004\117\000\040\004\101\004\100\004\065\004\067\004\072\004\070}{subsection.5.2}% 19
\BOOKMARK [2][-]{subsection.5.3}{\376\377\004\037\004\076\004\064\004\063\004\100\004\060\004\104\004\070\004\072}{section.5}% 20
\BOOKMARK [2][-]{subsection.5.4}{\376\377\004\036\004\077\004\100\004\065\004\064\004\065\004\073\004\065\004\075\004\070\004\065\000\040\004\070\004\075\004\102\004\065\004\063\004\100\004\060\004\073\004\060}{section.5}% 21
\BOOKMARK [2][-]{subsection.5.5}{\376\377\004\041\004\062\004\076\004\071\004\101\004\102\004\062\004\060\000\040\004\070\004\075\004\102\004\065\004\063\004\100\004\060\004\073\004\060}{section.5}% 22
\BOOKMARK [3][-]{subsubsection.5.5.1}{\376\377\004\020\004\064\004\064\004\070\004\102\004\070\004\062\004\075\004\076\004\101\004\102\004\114\000\040\004\077\004\076\000\040\004\077\004\100\004\076\004\074\004\065\004\066\004\103\004\102\004\072\004\103}{subsection.5.5}% 23
\BOOKMARK [3][-]{subsubsection.5.5.2}{\376\377\004\034\004\076\004\075\004\076\004\102\004\076\004\075\004\075\004\076\004\101\004\102\004\114}{subsection.5.5}% 24
\BOOKMARK [3][-]{subsubsection.5.5.3}{\376\377\004\042\004\065\004\076\004\100\004\065\004\074\004\060\000\040\004\076\000\040\004\101\004\100\004\065\004\064\004\075\004\065\004\074}{subsection.5.5}% 25
\BOOKMARK [3][-]{subsubsection.5.5.4}{\376\377\004\042\004\065\004\076\004\100\004\065\004\074\004\060\000\040\004\021\004\060\004\100\004\100\004\076\004\103}{subsection.5.5}% 26
\BOOKMARK [3][-]{subsubsection.5.5.5}{\376\377\004\044\004\076\004\100\004\074\004\103\004\073\004\060\000\040\004\035\004\114\004\116\004\102\004\076\004\075\004\060\000-\004\033\004\065\004\071\004\061\004\075\004\070\004\106\004\060}{subsection.5.5}% 27
\BOOKMARK [1][-]{section.6}{\376\377\004\022\004\113\004\077\004\103\004\072\004\073\004\076\004\101\004\102\004\114}{}% 28
\BOOKMARK [2][-]{subsection.6.1}{\376\377\004\036\004\077\004\100\004\065\004\064\004\065\004\073\004\065\004\075\004\070\004\065}{section.6}% 29
\BOOKMARK [2][-]{subsection.6.2}{\376\377\004\036\004\077\004\100\004\065\004\064\004\065\004\073\004\065\004\075\004\070\004\065}{section.6}% 30
\BOOKMARK [2][-]{subsection.6.3}{\376\377\004\033\004\065\004\074\004\074\004\060\000\040\004\076\000\040\004\102\004\100\004\065\004\105\000\040\004\105\004\076\004\100\004\064\004\060\004\105}{section.6}% 31
\BOOKMARK [2][-]{subsection.6.4}{\376\377\004\042\004\065\004\076\004\100\004\065\004\074\004\060\000\040\004\076\004\061\000\040\004\076\004\064\004\075\004\076\004\101\004\102\004\076\004\100\004\076\004\075\004\075\004\065\004\071\000\040\004\064\004\070\004\104\004\104\004\065\004\100\004\065\004\075\004\106\004\070\004\100\004\103\004\065\004\074\004\076\004\101\004\102\004\070\000\040\004\062\004\113\004\077\000\040\004\104\004\103\004\075\004\072\004\106\004\070\004\070}{section.6}% 32
\BOOKMARK [2][-]{subsection.6.5}{\376\377\004\041\004\073\004\065\004\064\004\101\004\102\004\062\004\070\004\065\000\040\004\076\000\040\004\102\004\076\004\107\004\072\004\060\004\105\000\040\004\100\004\060\004\067\004\100\004\113\004\062\004\060}{section.6}% 33
\BOOKMARK [2][-]{subsection.6.6}{\376\377\004\036\004\077\004\070\004\101\004\060\004\075\004\070\004\065\000\040\004\062\004\113\004\077\004\103\004\072\004\073\004\076\004\101\004\102\004\070\000\040\004\101\000\040\004\077\004\076\004\074\004\076\004\111\004\114\004\116\000\040\004\072\004\060\004\101\004\060\004\102\004\065\004\073\004\114\004\075\004\113\004\105}{section.6}% 34
\BOOKMARK [2][-]{subsection.6.7}{\376\377\004\024\004\070\004\104\004\104\004\065\004\100\004\065\004\075\004\106\004\070\004\060\004\073\004\114\004\075\004\113\004\071\000\040\004\072\004\100\004\070\004\102\004\065\004\100\004\070\004\071\000\040\004\062\004\113\004\077\004\103\004\072\004\073\004\076\004\101\004\102\004\070}{section.6}% 35
\BOOKMARK [2][-]{subsection.6.8}{\376\377\004\041\004\073\004\065\004\064\004\101\004\102\004\062\004\070\004\065}{section.6}% 36
\BOOKMARK [1][-]{section.7}{\376\377\004\037\004\100\004\076\004\064\004\076\004\073\004\066\004\065\004\075\004\070\004\065\000\040\004\076\004\077\004\100\000\040\004\070\004\075\004\102\004\065\004\063\004\100\004\060\004\073\004\060}{}% 37
\BOOKMARK [2][-]{subsection.7.1}{\376\377\004\036\004\061\004\111\004\060\004\117\000\040\004\101\004\105\004\065\004\074\004\060}{section.7}% 38
\BOOKMARK [2][-]{subsection.7.2}{\376\377\004\036\004\077\004\100\004\065\004\064\004\065\004\073\004\065\004\075\004\070\004\065}{section.7}% 39
\BOOKMARK [2][-]{subsection.7.3}{\376\377\004\042\004\065\004\076\004\100\004\065\004\074\004\060\000\040\004\076\000\040\004\062\004\113\004\107\004\070\004\101\004\073\004\065\004\075\004\070\004\070\000\040\004\060\004\064\004\064\004\070\004\102\004\070\004\062\004\075\004\076\004\071\000\040\004\104\004\103\004\075\004\072\004\106\004\070\004\070\000\040\004\077\004\100\004\076\004\074\004\065\004\066\004\103\004\102\004\072\004\060\000\040\004\077\004\076\000\040\004\077\004\073\004\076\004\102\004\075\004\076\004\101\004\102\004\070}{section.7}% 40
\BOOKMARK [2][-]{subsection.7.4}{\376\377\004\036\004\061\004\076\004\061\004\111\004\065\004\075\004\075\004\060\004\117\000\040\004\102\004\065\004\076\004\100\004\065\004\074\004\060\000\040\004\076\000\040\004\077\004\073\004\076\004\102\004\075\004\076\004\101\004\102\004\070}{section.7}% 41
\BOOKMARK [2][-]{subsection.7.5}{\376\377\004\037\004\073\004\076\004\111\004\060\004\064\004\114\000\040\004\072\004\100\004\070\004\062\004\076\004\073\004\070\004\075\004\065\004\071\004\075\004\076\004\063\004\076\000\040\004\101\004\065\004\072\004\102\004\076\004\100\004\060\000\040\004\062\000\040\004\077\004\076\004\073\004\117\004\100\004\075\004\113\004\105\000\040\004\072\004\076\004\076\004\100\004\064\004\070\004\075\004\102\004\060\004\105}{section.7}% 42
\BOOKMARK [2][-]{subsection.7.6}{\376\377\004\042\004\065\004\076\004\100\004\065\004\074\004\060\000\040\004\077\004\073\004\076\004\111\004\060\004\064\004\070\000\040\004\072\004\100\004\070\004\062\004\076\004\073\004\070\004\075\004\065\004\071\004\075\004\076\004\063\004\076\000\040\004\101\004\065\004\072\004\102\004\076\004\100\004\060}{section.7}% 43
\BOOKMARK [2][-]{subsection.7.7}{\376\377\004\032\004\060\004\100\004\064\004\070\004\076\004\070\004\064\004\060}{section.7}% 44
\BOOKMARK [2][-]{subsection.7.8}{\376\377\004\032\004\100\004\070\004\062\004\060\004\117\000\040\004\037\004\065\004\060\004\075\004\076}{section.7}% 45
\BOOKMARK [2][-]{subsection.7.9}{\376\377\004\024\004\073\004\070\004\075\004\060}{section.7}% 46
\BOOKMARK [2][-]{subsection.7.10}{\376\377\004\022\004\113\004\107\004\070\004\101\004\073\004\065\004\075\004\070\004\065\000\040\004\064\004\073\004\070\004\075\004\113\000\040\004\063\004\073\004\060\004\064\004\072\004\076\004\063\004\076\000\040\004\077\004\103\004\102\004\070}{section.7}% 47
\BOOKMARK [2][-]{subsection.7.11}{\376\377\004\033\004\065\004\074\004\074\004\060\000\040\004\076\004\061\000\040\004\076\004\061\004\111\004\065\004\074\000\040\004\062\004\070\004\064\004\065\000\040\004\104\004\103\004\075\004\072\004\106\004\070\004\070\000\040\004\076\004\063\004\100\004\060\004\075\004\070\004\107\004\065\004\075\004\075\004\076\004\071\000\040\004\062\004\060\004\100\004\070\004\060\004\106\004\070\004\070}{section.7}% 48
\BOOKMARK [1][-]{section.8}{\376\377\004\036\004\061\004\112\004\065\004\074\000\040\004\104\004\070\004\063\004\103\004\100\000\040\004\062\004\100\004\060\004\111\004\065\004\075\004\070\004\117}{}% 49
\BOOKMARK [2][-]{subsection.8.1}{\376\377\004\042\004\065\004\076\004\100\004\065\004\074\004\060}{section.8}% 50
\BOOKMARK [2][-]{subsection.8.2}{\376\377\004\042\004\065\004\076\004\100\004\065\004\074\004\060}{section.8}% 51
\BOOKMARK [2][-]{subsection.8.3}{\376\377\004\042\004\065\004\076\004\100\004\065\004\074\004\060}{section.8}% 52
\BOOKMARK [1][-]{section.9}{\376\377\004\030\004\075\004\102\004\065\004\063\004\100\004\060\004\073\004\114\004\075\004\113\004\065\000\040\004\101\004\103\004\074\004\074\004\113}{}% 53
\BOOKMARK [2][-]{subsection.9.1}{\376\377\004\030\004\075\004\102\004\065\004\063\004\100\004\060\004\073\000\040\004\072\004\060\004\072\000\040\004\077\004\100\004\065\004\064\004\065\004\073\000\040\004\070\004\075\004\102\004\065\004\063\004\100\004\060\004\073\004\114\004\075\004\113\004\105\000\040\004\101\004\103\004\074\004\074}{section.9}% 54
\BOOKMARK [2][-]{subsection.9.2}{\376\377\004\065\004\076\004\100\004\065\004\074\004\060\000\040\004\076\004\061\000\040\004\070\004\075\004\102\004\065\004\063\004\100\004\060\004\073\004\114\004\075\004\113\004\105\000\040\004\101\004\103\004\074\004\074\004\060\004\105\000\040\004\064\004\073\004\117\000\040\004\106\004\065\004\075\004\102\004\100\004\060\004\073\004\114\004\075\004\113\004\105\000\040\004\077\004\100\004\117\004\074\004\076\004\103\004\063\004\076\004\073\004\114\004\075\004\070\004\072\004\076\004\062}{section.9}% 55
\BOOKMARK [2][-]{subsection.9.3}{\376\377\004\042\004\065\004\076\004\100\004\065\004\074\004\060\000\040\004\076\000\040\004\104\004\076\004\100\004\074\004\103\004\073\004\065\000\040\004\102\004\100\004\060\004\077\004\065\004\106\004\070\004\071}{section.9}% 56
\BOOKMARK [2][-]{subsection.9.4}{\376\377\004\104\004\076\004\100\004\074\004\103\004\073\004\060\000\040\004\055\004\071\004\073\004\065\004\100\004\060\000-\004\034\004\060\004\072\004\073\004\076\004\100\004\065\004\075\004\060}{section.9}% 57
\BOOKMARK [2][-]{subsection.9.5}{\376\377\004\044\004\076\004\100\004\074\004\103\004\073\004\060\000\040\004\022\004\060\004\073\004\073\004\070\004\101\004\060}{section.9}% 58
\BOOKMARK [1][-]{section.10}{\376\377\004\022\004\065\004\100\004\105\004\075\004\070\004\071\000\040\004\077\004\100\004\065\004\064\004\065\004\073\000\040\004\077\004\076\004\101\004\073\004\065\004\064\004\076\004\062\004\060\004\102\004\065\004\073\004\114\004\075\004\076\004\101\004\102\004\070}{}% 59
\BOOKMARK [2][-]{subsection.10.1}{\376\377\004\047\004\060\004\101\004\102\004\070\004\107\004\075\004\113\004\071\000\040\004\077\004\100\004\065\004\064\004\065\004\073\000\040\004\077\004\076\004\101\004\073\004\065\004\064\004\076\004\062\004\060\004\102\004\065\004\073\004\114\004\075\004\076\004\101\004\102\004\070}{section.10}% 60
\BOOKMARK [2][-]{subsection.10.2}{\376\377\004\036\004\077\004\100\004\065\004\064\004\065\004\073\004\065\004\075\004\070\004\065}{section.10}% 61
\BOOKMARK [2][-]{subsection.10.3}{\376\377\004\041\004\062\004\076\004\071\004\101\004\102\004\062\004\060\000\040\004\062\004\065\004\100\004\105\004\075\004\065\004\063\004\076\000\040\004\070\000\040\004\075\004\070\004\066\004\075\004\065\004\063\004\076\000\040\004\077\004\100\004\065\004\064\004\065\004\073\004\076\004\062}{section.10}% 62
\BOOKMARK [2][-]{subsection.10.4}{\376\377\004\042\004\065\004\076\004\100\004\065\004\074\004\060\000.\000\040\004\042\004\065\004\105\004\075\004\070\004\107\004\065\004\101\004\072\004\076\004\065\000\040\004\076\004\077\004\070\004\101\004\060\004\075\004\070\004\065\000\040\000l\000i\000m}{section.10}% 63
\BOOKMARK [2][-]{subsection.10.5}{\376\377\004\042\004\065\004\076\004\100\004\065\004\074\004\060\000\040\004\076\000\040\004\101\004\103\004\111\004\065\004\101\004\102\004\062\004\076\004\062\004\060\004\075\004\070\004\070\000\040\004\077\004\100\004\065\004\064\004\065\004\073\004\060\000\040\004\062\000\040\004\102\004\065\004\100\004\074\004\070\004\075\004\060\004\105\000\040\004\062\004\065\004\100\004\105\004\075\004\065\004\063\004\076\000\040\004\070\000\040\004\075\004\070\004\066\004\075\004\065\004\063\004\076\000\040\004\077\004\100\004\065\004\064\004\065\004\073\004\076\004\062}{section.10}% 64
\BOOKMARK [2][-]{subsection.10.6}{\376\377\004\042\004\065\004\076\004\100\004\065\004\074\004\060\000\040\004\076\000\040\004\105\004\060\004\100\004\060\004\072\004\102\004\065\004\100\004\070\004\067\004\060\004\106\004\070\004\070\000\040\004\062\004\065\004\100\004\105\004\075\004\065\004\063\004\076\000\040\004\077\004\100\004\065\004\064\004\065\004\073\004\060\000\040\004\072\004\060\004\072\000\040\004\107\004\060\004\101\004\102\004\070\004\107\004\075\004\076\004\063\004\076}{section.10}% 65
\BOOKMARK [1][-]{section.11}{\376\377\004\035\004\065\004\101\004\072\004\076\004\073\004\114\004\072\004\076\000\040\004\075\004\065\004\072\004\073\004\060\004\101\004\101\004\070\004\107\004\065\004\101\004\072\004\070\004\105\000\040\004\075\004\065\004\100\004\060\004\062\004\065\004\075\004\101\004\102\004\062}{}% 66
\BOOKMARK [2][-]{subsection.11.1}{\376\377\004\035\004\065\004\100\004\060\004\062\004\065\004\075\004\101\004\102\004\062\004\076\000\040\004\031\004\065\004\075\004\101\004\065\004\075\004\060\000\040\004\064\004\073\004\117\000\040\004\101\004\103\004\074\004\074}{section.11}% 67
\BOOKMARK [2][-]{subsection.11.2}{\376\377\004\035\004\065\004\100\004\060\004\062\004\065\004\075\004\101\004\102\004\062\004\076\000\040\004\031\004\065\004\075\004\101\004\065\004\075\004\060\000\040\004\064\004\073\004\117\000\040\004\070\004\075\004\102\004\065\004\063\004\100\004\060\004\073\004\076\004\062}{section.11}% 68
\BOOKMARK [2][-]{subsection.11.3}{\376\377\004\035\004\065\004\100\004\060\004\062\004\065\004\075\004\101\004\102\004\062\004\076\000\040\004\023\004\065\004\073\004\114\004\064\004\065\004\100\004\060}{section.11}% 69
\BOOKMARK [2][-]{subsection.11.4}{\376\377\004\035\004\065\004\100\004\060\004\062\004\065\004\075\004\101\004\102\004\062\004\076\000\040\004\023\004\065\004\073\004\114\004\064\004\065\004\100\004\060\000\040\004\064\004\073\004\117\000\040\004\070\004\075\004\102\004\065\004\063\004\100\004\060\004\073\004\076\004\062}{section.11}% 70
\BOOKMARK [2][-]{subsection.11.5}{\376\377\004\035\004\065\004\100\004\060\004\062\004\065\004\075\004\101\004\102\004\062\004\076\000\040\004\034\004\070\004\075\004\072\004\076\004\062\004\101\004\072\004\076\004\063\004\076}{section.11}% 71
\BOOKMARK [1][-]{section.12}{\376\377\004\035\004\065\004\101\004\076\004\061\004\101\004\102\004\065\004\075\004\075\004\113\004\071\000\040\004\070\004\075\004\102\004\065\004\063\004\100\004\060\004\073}{}% 72
\BOOKMARK [2][-]{subsection.12.1}{\376\377\004\036\004\077\004\100\004\065\004\064\004\065\004\073\004\065\004\075\004\070\004\065}{section.12}% 73
\BOOKMARK [2][-]{subsection.12.2}{\376\377\004\036\004\077\004\100\004\065\004\064\004\065\004\073\004\065\004\075\004\070\004\065\000\040\0002}{section.12}% 74
\BOOKMARK [2][-]{subsection.12.3}{\376\377\004\036\004\077\004\100\004\065\004\064\004\065\004\073\004\065\004\075\004\070\004\065\000\040\0003}{section.12}% 75
\BOOKMARK [1][-]{section.13}{\376\377\004\037\004\100\004\076\004\101\004\102\004\065\004\071\004\110\004\070\004\065\000\040\004\101\004\062\004\076\004\071\004\101\004\102\004\062\004\060\000\040\004\075\004\065\004\101\004\076\004\061\004\101\004\102\004\062\004\065\004\075\004\075\004\076\004\063\004\076\000\040\004\070\004\075\004\102\004\065\004\063\004\100\004\060\004\073\004\060}{}% 76
\BOOKMARK [2][-]{subsection.13.1}{\376\377\004\032\004\100\004\070\004\102\004\065\004\100\004\070\004\071\000\040\004\021\004\076\004\073\004\114\004\106\004\060\004\075\004\076\000-\004\032\004\076\004\110\004\070}{section.13}% 77
\BOOKMARK [2][-]{subsection.13.2}{\376\377\004\020\004\064\004\064\004\070\004\102\004\070\004\062\004\075\004\076\004\101\004\102\004\114}{section.13}% 78
\BOOKMARK [2][-]{subsection.13.3}{\376\377\0003}{section.13}% 79
\BOOKMARK [2][-]{subsection.13.4}{\376\377\0004}{section.13}% 80
\BOOKMARK [2][-]{subsection.13.5}{\376\377\004\041\004\062\004\076\004\071\004\101\004\102\004\062\004\076\000\040\0005}{section.13}% 81
\BOOKMARK [2][-]{subsection.13.6}{\376\377\004\041\004\062\004\076\004\071\004\101\004\102\004\062\004\076\000\040\0006}{section.13}% 82
\BOOKMARK [1][-]{section.14}{\376\377\004\037\004\100\004\070\004\067\004\075\004\060\004\072\004\070\000\040\004\101\004\100\004\060\004\062\004\075\004\065\004\075\004\070\004\117\000\040\004\101\004\105\004\076\004\064\004\070\004\074\004\076\004\101\004\102\004\070\000\040\004\075\004\065\004\101\004\076\004\061\004\101\004\102\004\062\004\065\004\075\004\075\004\076\004\063\004\076\000\040\004\070\004\075\004\102\004\065\004\063\004\100\004\060\004\073\004\060}{}% 83
\BOOKMARK [2][-]{subsection.14.1}{\376\377\0001\000-\004\113\004\071\000\040\004\077\004\100\004\070\004\067\004\075\004\060\004\072}{section.14}% 84
\BOOKMARK [2][-]{subsection.14.2}{\376\377\0002\000-\004\113\004\071\000\040\004\077\004\100\004\070\004\067\004\075\004\060\004\072}{section.14}% 85
\BOOKMARK [2][-]{subsection.14.3}{\376\377\004\023\004\060\004\074\004\074\004\060\000\040\004\104\004\103\004\075\004\072\004\106\004\070\004\117\000\040\004\055\004\071\004\073\004\065\004\100\004\060}{section.14}% 86
\BOOKMARK [2][-]{subsection.14.4}{\376\377\004\030\004\075\004\102\004\065\004\063\004\100\004\060\004\073\000\040\004\055\004\071\004\073\004\065\004\100\004\060\000-\004\037\004\103\004\060\004\101\004\076\004\075\004\075\004\060}{section.14}% 87
\BOOKMARK [1][-]{section.15}{\376\377\004\020\004\061\004\101\004\076\004\073\004\116\004\102\004\075\004\076\000\040\004\101\004\105\004\076\004\064\004\117\004\111\004\070\004\071\004\101\004\117\000\040\004\070\004\075\004\102\004\065\004\063\004\100\004\060\004\073}{}% 88
\BOOKMARK [2][-]{subsection.15.1}{\376\377\004\042\004\065\004\076\004\100\004\065\004\074\004\060\000\040\004\076\004\061\000\040\004\060\004\061\004\101\004\076\004\073\004\116\004\102\004\075\004\076\000\040\004\101\004\105\004\076\004\064\004\117\004\111\004\070\004\105\004\101\004\117\000\040\004\070\004\075\004\102\004\065\004\063\004\100\004\060\004\073\004\060\004\105\000\040\004\070\000\040\004\100\004\117\004\064\004\060\004\105\000.}{section.15}% 89
\BOOKMARK [1][-]{section.16}{\376\377\004\042\004\065\004\076\004\100\004\065\004\074\004\060\000.\000\040\004\037\004\100\004\070\004\067\004\075\004\060\004\072\000\040\004\020\004\061\004\073\004\065\004\073\004\117\000-\004\024\004\070\004\100\004\070\004\105\004\073\004\065}{}% 90
\BOOKMARK [1][-]{section.17}{\376\377\004\040\004\117\004\064\004\113}{}% 91
\BOOKMARK [2][-]{subsection.17.1}{\376\377\004\037\004\100\004\076\004\101\004\102\004\065\004\071\004\110\004\070\004\065\000\040\004\101\004\062\004\076\004\071\004\101\004\102\004\062\004\060}{section.17}% 92
\BOOKMARK [2][-]{subsection.17.2}{\376\377\000m\000-\004\113\004\071\000\040\004\076\004\101\004\102\004\060\004\102\004\076\004\072\000\040\004\100\004\117\004\064\004\060}{section.17}% 93
\BOOKMARK [2][-]{subsection.17.3}{\376\377\004\041\004\062\004\076\004\071\004\101\004\102\004\062\004\060}{section.17}% 94
\BOOKMARK [2][-]{subsection.17.4}{\376\377\004\042\004\065\004\076\004\100\004\065\004\074\004\060\000\050\004\075\004\065\004\076\004\061\004\112\004\076\004\064\004\070\004\074\004\076\004\065\000\040\004\103\004\101\004\073\004\076\004\062\004\070\004\065\000\040\004\101\004\105\004\076\004\064\004\070\004\074\004\076\004\101\004\102\004\070\000\051}{section.17}% 95
\BOOKMARK [2][-]{subsection.17.5}{\376\377\004\032\004\100\004\070\004\102\004\065\004\100\004\070\004\071\000\040\004\021\004\076\004\073\004\114\004\106\004\060\004\075\004\076\000-\004\032\004\076\004\110\004\070}{section.17}% 96
\BOOKMARK [1][-]{section.18}{\376\377\004\041\004\105\004\076\004\064\004\070\004\074\004\076\004\101\004\102\004\114\000\040\004\077\004\076\004\073\004\076\004\066\004\070\004\102\004\065\004\073\004\114\004\075\004\113\004\105\000\040\004\100\004\117\004\064\004\076\004\062}{}% 97
\BOOKMARK [2][-]{subsection.18.1}{\376\377\004\033\004\065\004\074\004\074\004\060\000\040\0001}{section.18}% 98
\BOOKMARK [2][-]{subsection.18.2}{\376\377\004\037\004\100\004\070\004\067\004\075\004\060\004\072\000\040\004\101\004\100\004\060\004\062\004\075\004\070\004\065\004\075\004\070\004\117}{section.18}% 99
\BOOKMARK [2][-]{subsection.18.3}{\376\377\004\037\004\100\004\070\004\067\004\075\004\060\004\072\000\040\004\101\004\105\004\076\004\064\004\070\004\074\004\076\004\101\004\102\004\070\000\040\004\100\004\117\004\064\004\060\000\040\004\032\004\076\004\110\004\070}{section.18}% 100
\BOOKMARK [1][-]{section.19}{\376\377\004\037\004\100\004\070\004\067\004\075\004\060\004\072\000\040\004\024\004\060\004\073\004\060\004\074\004\061\004\065\004\100\004\060}{}% 101
\BOOKMARK [1][-]{section.20}{\376\377\004\033\004\065\004\074\004\074\004\060}{}% 102
\BOOKMARK [1][-]{section.21}{\376\377\004\037\004\100\004\070\004\067\004\075\004\060\004\072\000\040\004\040\004\060\004\060\004\061\004\065}{}% 103
\BOOKMARK [2][-]{subsection.21.1}{\376\377\004\041\004\073\004\065\004\064\004\101\004\102\004\062\004\070\004\065}{section.21}% 104
\BOOKMARK [1][-]{section.22}{\376\377\004\030\004\075\004\102\004\065\004\063\004\100\004\060\004\073\004\114\004\075\004\113\004\071\000\040\004\077\004\100\004\070\004\067\004\075\004\060\004\072\000\040\004\032\004\076\004\110\004\070}{}% 105
\BOOKMARK [1][-]{section.23}{\376\377\004\020\004\061\004\101\004\076\004\073\004\116\004\102\004\060\004\075\004\060\004\117\000\040\004\101\004\105\004\076\004\064\004\070\004\074\004\076\004\101\004\102\004\114}{}% 106
\BOOKMARK [1][-]{section.24}{\376\377\004\042\004\065\004\076\004\100\004\065\004\074\004\060}{}% 107
